e:\git\samplerpc\samplerpcclient\x64\debug\vc142.pdb
e:\git\samplerpc\samplerpcclient\x64\debug\vc142.idb
e:\git\samplerpc\samplerpcclient\x64\debug\schedsvc_c.obj
e:\git\samplerpc\samplerpcclient\x64\debug\samplerpcclient.obj
e:\git\samplerpc\samplerpcclient\x64\debug\samplerpc_c.obj
e:\git\samplerpc\x64\debug\samplerpcclient.exe
e:\git\samplerpc\x64\debug\samplerpcclient.ilk
e:\git\samplerpc\x64\debug\samplerpcclient.pdb
e:\git\samplerpc\samplerpcclient\schedsvc_c.c
e:\git\samplerpc\samplerpcclient\schedsvc_s.c
e:\git\samplerpc\samplerpcclient\schedsvc_h.h
e:\git\samplerpc\samplerpcclient\x64\debug\samplerpcclient.tlog\cl.command.1.tlog
e:\git\samplerpc\samplerpcclient\x64\debug\samplerpcclient.tlog\cl.read.1.tlog
e:\git\samplerpc\samplerpcclient\x64\debug\samplerpcclient.tlog\cl.write.1.tlog
e:\git\samplerpc\samplerpcclient\x64\debug\samplerpcclient.tlog\link.command.1.tlog
e:\git\samplerpc\samplerpcclient\x64\debug\samplerpcclient.tlog\link.read.1.tlog
e:\git\samplerpc\samplerpcclient\x64\debug\samplerpcclient.tlog\link.write.1.tlog
e:\git\samplerpc\samplerpcclient\x64\debug\samplerpcclient.tlog\midl.command.1.tlog
e:\git\samplerpc\samplerpcclient\x64\debug\samplerpcclient.tlog\midl.read.1.tlog
e:\git\samplerpc\samplerpcclient\x64\debug\samplerpcclient.tlog\midl.write.1.tlog
